[debug] [2021-03-13T01:02:21.846Z] ----------------------------------------------------------------------
[debug] [2021-03-13T01:02:21.847Z] Command:       /usr/local/bin/node /usr/local/bin/firebase emulators:start
[debug] [2021-03-13T01:02:21.847Z] CLI Version:   9.6.0
[debug] [2021-03-13T01:02:21.847Z] Platform:      darwin
[debug] [2021-03-13T01:02:21.848Z] Node Version:  v14.16.0
[debug] [2021-03-13T01:02:21.848Z] Time:          Fri Mar 12 2021 17:02:21 GMT-0800 (Pacific Standard Time)
[debug] [2021-03-13T01:02:21.849Z] ----------------------------------------------------------------------
[debug] [2021-03-13T01:02:21.849Z] 
[debug] [2021-03-13T01:02:21.855Z] > command requires scopes: ["email","openid","https://www.googleapis.com/auth/cloudplatformprojects.readonly","https://www.googleapis.com/auth/firebase","https://www.googleapis.com/auth/cloud-platform"]
[debug] [2021-03-13T01:02:21.855Z] > authorizing via signed-in user
[info] i  emulators: Starting emulators: functions, hosting {"metadata":{"emulator":{"name":"hub"},"message":"Starting emulators: functions, hosting"}}
[debug] [2021-03-13T01:02:21.873Z] [hub] writing locator at /var/folders/rz/p42h486j6lb43frx51vpkrv00000gn/T/hub-clone-27da0.json
[warn] ⚠  functions: The following emulators are not running, calls to these services from the Functions emulator will affect production: auth, firestore, database, pubsub {"metadata":{"emulator":{"name":"functions"},"message":"The following emulators are not running, calls to these services from the Functions emulator will affect production: \u001b[1mauth, firestore, database, pubsub\u001b[22m"}}
[warn] ⚠  Your requested "node" version "12" doesn't match your global version "14" {"metadata":{"emulator":{"name":"functions"},"message":"Your requested \"node\" version \"12\" doesn't match your global version \"14\""}}
[debug] [2021-03-13T01:02:21.907Z] defaultcredentials: writing to file /Users/nicholaslee/.config/firebase/nilee_westmont_edu_application_default_credentials.json
[debug] [2021-03-13T01:02:21.909Z] Setting GAC to /Users/nicholaslee/.config/firebase/nilee_westmont_edu_application_default_credentials.json {"metadata":{"emulator":{"name":"functions"},"message":"Setting GAC to /Users/nicholaslee/.config/firebase/nilee_westmont_edu_application_default_credentials.json"}}
[debug] [2021-03-13T01:02:21.911Z] > refreshing access token with scopes: []
[debug] [2021-03-13T01:02:21.911Z] >>> HTTP REQUEST POST https://www.googleapis.com/oauth2/v3/token  
 <request body omitted>
[debug] [2021-03-13T01:02:22.090Z] <<< HTTP RESPONSE 200 {"pragma":"no-cache","date":"Sat, 13 Mar 2021 01:02:22 GMT","expires":"Mon, 01 Jan 1990 00:00:00 GMT","cache-control":"no-cache, no-store, max-age=0, must-revalidate","content-type":"application/json; charset=utf-8","vary":"X-Origin, Referer, Origin,Accept-Encoding","server":"scaffolding on HTTPServer2","x-xss-protection":"0","x-frame-options":"SAMEORIGIN","x-content-type-options":"nosniff","alt-svc":"h3-29=\":443\"; ma=2592000,h3-T051=\":443\"; ma=2592000,h3-Q050=\":443\"; ma=2592000,h3-Q046=\":443\"; ma=2592000,h3-Q043=\":443\"; ma=2592000,quic=\":443\"; ma=2592000; v=\"46,43\"","accept-ranges":"none","transfer-encoding":"chunked"}
[debug] [2021-03-13T01:02:22.135Z] >>> [apiv2][query] GET https://firebase.googleapis.com/v1beta1/projects/clone-27da0/adminSdkConfig [none]
[debug] [2021-03-13T01:02:22.435Z] <<< [apiv2][status] GET https://firebase.googleapis.com/v1beta1/projects/clone-27da0/adminSdkConfig 200
[debug] [2021-03-13T01:02:22.435Z] <<< [apiv2][body] GET https://firebase.googleapis.com/v1beta1/projects/clone-27da0/adminSdkConfig {"projectId":"clone-27da0","storageBucket":"clone-27da0.appspot.com"}
[debug] [2021-03-13T01:02:22.735Z] >>> [apiv2][query] GET https://firebase.googleapis.com/v1beta1/projects/clone-27da0/webApps/-/config [none]
[debug] [2021-03-13T01:02:23.171Z] <<< [apiv2][status] GET https://firebase.googleapis.com/v1beta1/projects/clone-27da0/webApps/-/config 200
[debug] [2021-03-13T01:02:23.171Z] <<< [apiv2][body] GET https://firebase.googleapis.com/v1beta1/projects/clone-27da0/webApps/-/config {"projectId":"clone-27da0","appId":"1:580953502335:web:7d7b96750123820733c54a","storageBucket":"clone-27da0.appspot.com","apiKey":"AIzaSyD5ZjxI2PcL_pPcZywEPX5tWnwZSSSAMQs","authDomain":"clone-27da0.firebaseapp.com","messagingSenderId":"580953502335","measurementId":"G-SCHNH3YK0S"}
[info] i  hosting: Serving hosting files from: build {"metadata":{"emulator":{"name":"hosting"},"message":"Serving hosting files from: \u001b[1mbuild\u001b[22m"}}
[info] ✔  hosting: Local server: http://localhost:5000 {"metadata":{"emulator":{"name":"hosting"},"message":"Local server: \u001b[4m\u001b[1mhttp://localhost:5000\u001b[22m\u001b[24m"}}
[info] i  ui: downloading ui-v1.4.2.zip... {"metadata":{"emulator":{"name":"ui"},"message":"downloading ui-v1.4.2.zip..."}}
[debug] [2021-03-13T01:02:23.488Z] >>> [apiv2][query] GET https://storage.googleapis.com/firebase-preview-drop/emulator/ui-v1.4.2.zip [none]
[debug] [2021-03-13T01:02:23.641Z] <<< [apiv2][status] GET https://storage.googleapis.com/firebase-preview-drop/emulator/ui-v1.4.2.zip 200
[debug] [2021-03-13T01:02:23.641Z] <<< [apiv2][body] GET https://storage.googleapis.com/firebase-preview-drop/emulator/ui-v1.4.2.zip [stream]
[debug] [2021-03-13T01:02:24.401Z] Ignoring unsupported arg: auto_download {"metadata":{"emulator":{"name":"ui"},"message":"Ignoring unsupported arg: auto_download"}}
[debug] [2021-03-13T01:02:24.401Z] Ignoring unsupported arg: port {"metadata":{"emulator":{"name":"ui"},"message":"Ignoring unsupported arg: port"}}
[debug] [2021-03-13T01:02:24.401Z] Starting Emulator UI with command {"binary":"node","args":["/Users/nicholaslee/.cache/firebase/emulators/ui-v1.4.2/server.bundle.js"],"optionalArgs":[],"joinArgs":false} {"metadata":{"emulator":{"name":"ui"},"message":"Starting Emulator UI with command {\"binary\":\"node\",\"args\":[\"/Users/nicholaslee/.cache/firebase/emulators/ui-v1.4.2/server.bundle.js\"],\"optionalArgs\":[],\"joinArgs\":false}"}}
[info] i  ui: Emulator UI logging to ui-debug.log {"metadata":{"emulator":{"name":"ui"},"message":"Emulator UI logging to \u001b[1mui-debug.log\u001b[22m"}}
[debug] [2021-03-13T01:02:24.487Z] Web / API server started at http://localhost:4000
 {"metadata":{"emulator":{"name":"ui"},"message":"Web / API server started at http://localhost:4000\n"}}
[info] i  functions: Watching "/Users/nicholaslee/Desktop/amazon-clone/amazon-clone/functions" for Cloud Functions... {"metadata":{"emulator":{"name":"functions"},"message":"Watching \"/Users/nicholaslee/Desktop/amazon-clone/amazon-clone/functions\" for Cloud Functions..."}}
[debug] [2021-03-13T01:02:24.671Z] [worker-pool] addWorker(~diagnostic~) {"metadata":{"emulator":{"name":"functions"},"message":"[worker-pool] addWorker(~diagnostic~)"}}
[debug] [2021-03-13T01:02:24.671Z] [worker-pool] Adding worker with key ~diagnostic~, total=1 {"metadata":{"emulator":{"name":"functions"},"message":"[worker-pool] Adding worker with key ~diagnostic~, total=1"}}
[debug] [2021-03-13T01:02:24.671Z] [worker-pool] submitWork(triggerId=) {"metadata":{"emulator":{"name":"functions"},"message":"[worker-pool] submitWork(triggerId=)"}}
[debug] [2021-03-13T01:02:24.672Z] [worker-~diagnostic~-f2ea4178-56ae-41b4-8132-3fff07d50ac5]: Assigning socketPath: /var/folders/rz/p42h486j6lb43frx51vpkrv00000gn/T/fire_emu_52509.sock {"metadata":{"emulator":{"name":"functions"},"message":"[worker-~diagnostic~-f2ea4178-56ae-41b4-8132-3fff07d50ac5]: Assigning socketPath: /var/folders/rz/p42h486j6lb43frx51vpkrv00000gn/T/fire_emu_52509.sock"}}
[debug] [2021-03-13T01:02:24.672Z] [worker-~diagnostic~-f2ea4178-56ae-41b4-8132-3fff07d50ac5]: BUSY {"metadata":{"emulator":{"name":"functions"},"message":"[worker-~diagnostic~-f2ea4178-56ae-41b4-8132-3fff07d50ac5]: BUSY"}}
[debug] [2021-03-13T01:02:24.789Z] [runtime-status] [52509] Functions runtime initialized. {"cwd":"/Users/nicholaslee/Desktop/amazon-clone/amazon-clone/functions","node_version":"14.16.0"} {"metadata":{"emulator":{"name":"functions"},"message":"[runtime-status] [52509] Functions runtime initialized. {\"cwd\":\"/Users/nicholaslee/Desktop/amazon-clone/amazon-clone/functions\",\"node_version\":\"14.16.0\"}"}}
[debug] [2021-03-13T01:02:24.789Z] [runtime-status] [52509] Disabled runtime features: undefined {"metadata":{"emulator":{"name":"functions"},"message":"[runtime-status] [52509] Disabled runtime features: undefined"}}
[debug] [2021-03-13T01:02:24.792Z] [runtime-status] [52509] Resolved module firebase-admin {"declared":true,"installed":true,"version":"9.5.0","resolution":"/Users/nicholaslee/Desktop/amazon-clone/amazon-clone/functions/node_modules/firebase-admin/lib/index.js"} {"metadata":{"emulator":{"name":"functions"},"message":"[runtime-status] [52509] Resolved module firebase-admin {\"declared\":true,\"installed\":true,\"version\":\"9.5.0\",\"resolution\":\"/Users/nicholaslee/Desktop/amazon-clone/amazon-clone/functions/node_modules/firebase-admin/lib/index.js\"}"}}
[debug] [2021-03-13T01:02:24.794Z] [runtime-status] [52509] Resolved module firebase-functions {"declared":true,"installed":true,"version":"3.13.2","resolution":"/Users/nicholaslee/Desktop/amazon-clone/amazon-clone/functions/node_modules/firebase-functions/lib/index.js"} {"metadata":{"emulator":{"name":"functions"},"message":"[runtime-status] [52509] Resolved module firebase-functions {\"declared\":true,\"installed\":true,\"version\":\"3.13.2\",\"resolution\":\"/Users/nicholaslee/Desktop/amazon-clone/amazon-clone/functions/node_modules/firebase-functions/lib/index.js\"}"}}
[debug] [2021-03-13T01:02:24.796Z] [runtime-status] [52509] Resolved module firebase-functions {"declared":true,"installed":true,"version":"3.13.2","resolution":"/Users/nicholaslee/Desktop/amazon-clone/amazon-clone/functions/node_modules/firebase-functions/lib/index.js"} {"metadata":{"emulator":{"name":"functions"},"message":"[runtime-status] [52509] Resolved module firebase-functions {\"declared\":true,\"installed\":true,\"version\":\"3.13.2\",\"resolution\":\"/Users/nicholaslee/Desktop/amazon-clone/amazon-clone/functions/node_modules/firebase-functions/lib/index.js\"}"}}
[debug] [2021-03-13T01:02:24.797Z] [runtime-status] [52509] Outgoing network have been stubbed. [{"name":"http","status":"mocked"},{"name":"http","status":"mocked"},{"name":"https","status":"mocked"},{"name":"https","status":"mocked"},{"name":"net","status":"mocked"}] {"metadata":{"emulator":{"name":"functions"},"message":"[runtime-status] [52509] Outgoing network have been stubbed. [{\"name\":\"http\",\"status\":\"mocked\"},{\"name\":\"http\",\"status\":\"mocked\"},{\"name\":\"https\",\"status\":\"mocked\"},{\"name\":\"https\",\"status\":\"mocked\"},{\"name\":\"net\",\"status\":\"mocked\"}]"}}
[debug] [2021-03-13T01:02:24.798Z] [runtime-status] [52509] Resolved module firebase-functions {"declared":true,"installed":true,"version":"3.13.2","resolution":"/Users/nicholaslee/Desktop/amazon-clone/amazon-clone/functions/node_modules/firebase-functions/lib/index.js"} {"metadata":{"emulator":{"name":"functions"},"message":"[runtime-status] [52509] Resolved module firebase-functions {\"declared\":true,\"installed\":true,\"version\":\"3.13.2\",\"resolution\":\"/Users/nicholaslee/Desktop/amazon-clone/amazon-clone/functions/node_modules/firebase-functions/lib/index.js\"}"}}
[debug] [2021-03-13T01:02:24.846Z] [runtime-status] [52509] Checked functions.config() {"config":{}} {"metadata":{"emulator":{"name":"functions"},"message":"[runtime-status] [52509] Checked functions.config() {\"config\":{}}"}}
[debug] [2021-03-13T01:02:24.846Z] [runtime-status] [52509] firebase-functions has been stubbed. {"functionsResolution":{"declared":true,"installed":true,"version":"3.13.2","resolution":"/Users/nicholaslee/Desktop/amazon-clone/amazon-clone/functions/node_modules/firebase-functions/lib/index.js"}} {"metadata":{"emulator":{"name":"functions"},"message":"[runtime-status] [52509] firebase-functions has been stubbed. {\"functionsResolution\":{\"declared\":true,\"installed\":true,\"version\":\"3.13.2\",\"resolution\":\"/Users/nicholaslee/Desktop/amazon-clone/amazon-clone/functions/node_modules/firebase-functions/lib/index.js\"}}"}}
[debug] [2021-03-13T01:02:24.846Z] [runtime-status] [52509] Resolved module firebase-functions {"declared":true,"installed":true,"version":"3.13.2","resolution":"/Users/nicholaslee/Desktop/amazon-clone/amazon-clone/functions/node_modules/firebase-functions/lib/index.js"} {"metadata":{"emulator":{"name":"functions"},"message":"[runtime-status] [52509] Resolved module firebase-functions {\"declared\":true,\"installed\":true,\"version\":\"3.13.2\",\"resolution\":\"/Users/nicholaslee/Desktop/amazon-clone/amazon-clone/functions/node_modules/firebase-functions/lib/index.js\"}"}}
[debug] [2021-03-13T01:02:24.847Z] [runtime-status] [52509] Resolved module firebase-admin {"declared":true,"installed":true,"version":"9.5.0","resolution":"/Users/nicholaslee/Desktop/amazon-clone/amazon-clone/functions/node_modules/firebase-admin/lib/index.js"} {"metadata":{"emulator":{"name":"functions"},"message":"[runtime-status] [52509] Resolved module firebase-admin {\"declared\":true,\"installed\":true,\"version\":\"9.5.0\",\"resolution\":\"/Users/nicholaslee/Desktop/amazon-clone/amazon-clone/functions/node_modules/firebase-admin/lib/index.js\"}"}}
[debug] [2021-03-13T01:02:24.847Z] [runtime-status] [52509] Resolved module firebase-functions {"declared":true,"installed":true,"version":"3.13.2","resolution":"/Users/nicholaslee/Desktop/amazon-clone/amazon-clone/functions/node_modules/firebase-functions/lib/index.js"} {"metadata":{"emulator":{"name":"functions"},"message":"[runtime-status] [52509] Resolved module firebase-functions {\"declared\":true,\"installed\":true,\"version\":\"3.13.2\",\"resolution\":\"/Users/nicholaslee/Desktop/amazon-clone/amazon-clone/functions/node_modules/firebase-functions/lib/index.js\"}"}}
[debug] [2021-03-13T01:02:24.847Z] [runtime-status] [52509] firebase-admin has been stubbed. {"adminResolution":{"declared":true,"installed":true,"version":"9.5.0","resolution":"/Users/nicholaslee/Desktop/amazon-clone/amazon-clone/functions/node_modules/firebase-admin/lib/index.js"}} {"metadata":{"emulator":{"name":"functions"},"message":"[runtime-status] [52509] firebase-admin has been stubbed. {\"adminResolution\":{\"declared\":true,\"installed\":true,\"version\":\"9.5.0\",\"resolution\":\"/Users/nicholaslee/Desktop/amazon-clone/amazon-clone/functions/node_modules/firebase-admin/lib/index.js\"}}"}}
[info] ✔  functions[api]: http function initialized (http://localhost:5001/clone-27da0/us-central1/api). {"metadata":{"emulator":{"name":"functions"},"message":"\u001b[1mhttp\u001b[22m function initialized (http://localhost:5001/clone-27da0/us-central1/api)."}}
[info] 
┌─────────────────────────────────────────────────────────────┐
│ ✔  All emulators ready! It is now safe to connect your app. │
│ i  View Emulator UI at http://localhost:4000                │
└─────────────────────────────────────────────────────────────┘

┌───────────┬────────────────┬─────────────────────────────────┐
│ Emulator  │ Host:Port      │ View in Emulator UI             │
├───────────┼────────────────┼─────────────────────────────────┤
│ Functions │ localhost:5001 │ http://localhost:4000/functions │
├───────────┼────────────────┼─────────────────────────────────┤
│ Hosting   │ localhost:5000 │ n/a                             │
└───────────┴────────────────┴─────────────────────────────────┘
  Emulator Hub running at localhost:4400
  Other reserved ports: 4500

Issues? Report them at https://github.com/firebase/firebase-tools/issues and attach the *-debug.log files.
 
[debug] [2021-03-13T01:02:25.016Z] [worker-~diagnostic~-f2ea4178-56ae-41b4-8132-3fff07d50ac5]: IDLE {"metadata":{"emulator":{"name":"functions"},"message":"[worker-~diagnostic~-f2ea4178-56ae-41b4-8132-3fff07d50ac5]: IDLE"}}
[debug] [2021-03-13T01:04:24.856Z] File /Users/nicholaslee/Desktop/amazon-clone/amazon-clone/functions/index.js changed, reloading triggers {"metadata":{"emulator":{"name":"functions"},"message":"File /Users/nicholaslee/Desktop/amazon-clone/amazon-clone/functions/index.js changed, reloading triggers"}}
[debug] [2021-03-13T01:04:25.856Z] [worker-pool] Shutting down IDLE worker (~diagnostic~) {"metadata":{"emulator":{"name":"functions"},"message":"[worker-pool] Shutting down IDLE worker (~diagnostic~)"}}
[debug] [2021-03-13T01:04:25.856Z] [worker-~diagnostic~-f2ea4178-56ae-41b4-8132-3fff07d50ac5]: FINISHING {"metadata":{"emulator":{"name":"functions"},"message":"[worker-~diagnostic~-f2ea4178-56ae-41b4-8132-3fff07d50ac5]: FINISHING"}}
[debug] [2021-03-13T01:04:25.861Z] [worker-pool] addWorker(~diagnostic~) {"metadata":{"emulator":{"name":"functions"},"message":"[worker-pool] addWorker(~diagnostic~)"}}
[debug] [2021-03-13T01:04:25.861Z] [worker-pool] Adding worker with key ~diagnostic~, total=2 {"metadata":{"emulator":{"name":"functions"},"message":"[worker-pool] Adding worker with key ~diagnostic~, total=2"}}
[debug] [2021-03-13T01:04:25.861Z] [worker-pool] submitWork(triggerId=) {"metadata":{"emulator":{"name":"functions"},"message":"[worker-pool] submitWork(triggerId=)"}}
[debug] [2021-03-13T01:04:25.861Z] [worker-~diagnostic~-14ca9f32-24fe-4525-85b9-26bb197920ed]: Assigning socketPath: /var/folders/rz/p42h486j6lb43frx51vpkrv00000gn/T/fire_emu_52544.sock {"metadata":{"emulator":{"name":"functions"},"message":"[worker-~diagnostic~-14ca9f32-24fe-4525-85b9-26bb197920ed]: Assigning socketPath: /var/folders/rz/p42h486j6lb43frx51vpkrv00000gn/T/fire_emu_52544.sock"}}
[debug] [2021-03-13T01:04:25.862Z] [worker-~diagnostic~-14ca9f32-24fe-4525-85b9-26bb197920ed]: BUSY {"metadata":{"emulator":{"name":"functions"},"message":"[worker-~diagnostic~-14ca9f32-24fe-4525-85b9-26bb197920ed]: BUSY"}}
[debug] [2021-03-13T01:04:25.863Z] [worker-~diagnostic~-f2ea4178-56ae-41b4-8132-3fff07d50ac5]: exited {"metadata":{"emulator":{"name":"functions"},"message":"[worker-~diagnostic~-f2ea4178-56ae-41b4-8132-3fff07d50ac5]: exited"}}
[debug] [2021-03-13T01:04:25.863Z] [worker-~diagnostic~-f2ea4178-56ae-41b4-8132-3fff07d50ac5]: FINISHED {"metadata":{"emulator":{"name":"functions"},"message":"[worker-~diagnostic~-f2ea4178-56ae-41b4-8132-3fff07d50ac5]: FINISHED"}}
[debug] [2021-03-13T01:04:25.992Z] [runtime-status] [52544] Functions runtime initialized. {"cwd":"/Users/nicholaslee/Desktop/amazon-clone/amazon-clone/functions","node_version":"14.16.0"} {"metadata":{"emulator":{"name":"functions"},"message":"[runtime-status] [52544] Functions runtime initialized. {\"cwd\":\"/Users/nicholaslee/Desktop/amazon-clone/amazon-clone/functions\",\"node_version\":\"14.16.0\"}"}}
[debug] [2021-03-13T01:04:25.993Z] [runtime-status] [52544] Disabled runtime features: undefined {"metadata":{"emulator":{"name":"functions"},"message":"[runtime-status] [52544] Disabled runtime features: undefined"}}
[debug] [2021-03-13T01:04:25.995Z] [runtime-status] [52544] Resolved module firebase-admin {"declared":true,"installed":true,"version":"9.5.0","resolution":"/Users/nicholaslee/Desktop/amazon-clone/amazon-clone/functions/node_modules/firebase-admin/lib/index.js"} {"metadata":{"emulator":{"name":"functions"},"message":"[runtime-status] [52544] Resolved module firebase-admin {\"declared\":true,\"installed\":true,\"version\":\"9.5.0\",\"resolution\":\"/Users/nicholaslee/Desktop/amazon-clone/amazon-clone/functions/node_modules/firebase-admin/lib/index.js\"}"}}
[debug] [2021-03-13T01:04:25.996Z] [runtime-status] [52544] Resolved module firebase-functions {"declared":true,"installed":true,"version":"3.13.2","resolution":"/Users/nicholaslee/Desktop/amazon-clone/amazon-clone/functions/node_modules/firebase-functions/lib/index.js"} {"metadata":{"emulator":{"name":"functions"},"message":"[runtime-status] [52544] Resolved module firebase-functions {\"declared\":true,\"installed\":true,\"version\":\"3.13.2\",\"resolution\":\"/Users/nicholaslee/Desktop/amazon-clone/amazon-clone/functions/node_modules/firebase-functions/lib/index.js\"}"}}
[debug] [2021-03-13T01:04:25.999Z] [runtime-status] [52544] Resolved module firebase-functions {"declared":true,"installed":true,"version":"3.13.2","resolution":"/Users/nicholaslee/Desktop/amazon-clone/amazon-clone/functions/node_modules/firebase-functions/lib/index.js"} {"metadata":{"emulator":{"name":"functions"},"message":"[runtime-status] [52544] Resolved module firebase-functions {\"declared\":true,\"installed\":true,\"version\":\"3.13.2\",\"resolution\":\"/Users/nicholaslee/Desktop/amazon-clone/amazon-clone/functions/node_modules/firebase-functions/lib/index.js\"}"}}
[debug] [2021-03-13T01:04:26.000Z] [runtime-status] [52544] Outgoing network have been stubbed. [{"name":"http","status":"mocked"},{"name":"http","status":"mocked"},{"name":"https","status":"mocked"},{"name":"https","status":"mocked"},{"name":"net","status":"mocked"}] {"metadata":{"emulator":{"name":"functions"},"message":"[runtime-status] [52544] Outgoing network have been stubbed. [{\"name\":\"http\",\"status\":\"mocked\"},{\"name\":\"http\",\"status\":\"mocked\"},{\"name\":\"https\",\"status\":\"mocked\"},{\"name\":\"https\",\"status\":\"mocked\"},{\"name\":\"net\",\"status\":\"mocked\"}]"}}
[debug] [2021-03-13T01:04:26.001Z] [runtime-status] [52544] Resolved module firebase-functions {"declared":true,"installed":true,"version":"3.13.2","resolution":"/Users/nicholaslee/Desktop/amazon-clone/amazon-clone/functions/node_modules/firebase-functions/lib/index.js"} {"metadata":{"emulator":{"name":"functions"},"message":"[runtime-status] [52544] Resolved module firebase-functions {\"declared\":true,\"installed\":true,\"version\":\"3.13.2\",\"resolution\":\"/Users/nicholaslee/Desktop/amazon-clone/amazon-clone/functions/node_modules/firebase-functions/lib/index.js\"}"}}
[debug] [2021-03-13T01:04:26.038Z] [runtime-status] [52544] Checked functions.config() {"config":{}} {"metadata":{"emulator":{"name":"functions"},"message":"[runtime-status] [52544] Checked functions.config() {\"config\":{}}"}}
[debug] [2021-03-13T01:04:26.039Z] [runtime-status] [52544] firebase-functions has been stubbed. {"functionsResolution":{"declared":true,"installed":true,"version":"3.13.2","resolution":"/Users/nicholaslee/Desktop/amazon-clone/amazon-clone/functions/node_modules/firebase-functions/lib/index.js"}} {"metadata":{"emulator":{"name":"functions"},"message":"[runtime-status] [52544] firebase-functions has been stubbed. {\"functionsResolution\":{\"declared\":true,\"installed\":true,\"version\":\"3.13.2\",\"resolution\":\"/Users/nicholaslee/Desktop/amazon-clone/amazon-clone/functions/node_modules/firebase-functions/lib/index.js\"}}"}}
[debug] [2021-03-13T01:04:26.039Z] [runtime-status] [52544] Resolved module firebase-functions {"declared":true,"installed":true,"version":"3.13.2","resolution":"/Users/nicholaslee/Desktop/amazon-clone/amazon-clone/functions/node_modules/firebase-functions/lib/index.js"} {"metadata":{"emulator":{"name":"functions"},"message":"[runtime-status] [52544] Resolved module firebase-functions {\"declared\":true,\"installed\":true,\"version\":\"3.13.2\",\"resolution\":\"/Users/nicholaslee/Desktop/amazon-clone/amazon-clone/functions/node_modules/firebase-functions/lib/index.js\"}"}}
[debug] [2021-03-13T01:04:26.040Z] [runtime-status] [52544] Resolved module firebase-admin {"declared":true,"installed":true,"version":"9.5.0","resolution":"/Users/nicholaslee/Desktop/amazon-clone/amazon-clone/functions/node_modules/firebase-admin/lib/index.js"} {"metadata":{"emulator":{"name":"functions"},"message":"[runtime-status] [52544] Resolved module firebase-admin {\"declared\":true,\"installed\":true,\"version\":\"9.5.0\",\"resolution\":\"/Users/nicholaslee/Desktop/amazon-clone/amazon-clone/functions/node_modules/firebase-admin/lib/index.js\"}"}}
[debug] [2021-03-13T01:04:26.040Z] [runtime-status] [52544] Resolved module firebase-functions {"declared":true,"installed":true,"version":"3.13.2","resolution":"/Users/nicholaslee/Desktop/amazon-clone/amazon-clone/functions/node_modules/firebase-functions/lib/index.js"} {"metadata":{"emulator":{"name":"functions"},"message":"[runtime-status] [52544] Resolved module firebase-functions {\"declared\":true,\"installed\":true,\"version\":\"3.13.2\",\"resolution\":\"/Users/nicholaslee/Desktop/amazon-clone/amazon-clone/functions/node_modules/firebase-functions/lib/index.js\"}"}}
[debug] [2021-03-13T01:04:26.041Z] [runtime-status] [52544] firebase-admin has been stubbed. {"adminResolution":{"declared":true,"installed":true,"version":"9.5.0","resolution":"/Users/nicholaslee/Desktop/amazon-clone/amazon-clone/functions/node_modules/firebase-admin/lib/index.js"}} {"metadata":{"emulator":{"name":"functions"},"message":"[runtime-status] [52544] firebase-admin has been stubbed. {\"adminResolution\":{\"declared\":true,\"installed\":true,\"version\":\"9.5.0\",\"resolution\":\"/Users/nicholaslee/Desktop/amazon-clone/amazon-clone/functions/node_modules/firebase-admin/lib/index.js\"}}"}}
[debug] [2021-03-13T01:04:26.139Z] [worker-~diagnostic~-14ca9f32-24fe-4525-85b9-26bb197920ed]: IDLE {"metadata":{"emulator":{"name":"functions"},"message":"[worker-~diagnostic~-14ca9f32-24fe-4525-85b9-26bb197920ed]: IDLE"}}
[debug] [2021-03-13T01:04:43.356Z] [work-queue] {"queueLength":1,"workRunningCount":0}
[debug] [2021-03-13T01:04:43.356Z] [work-queue] {"queueLength":0,"workRunningCount":1}
[debug] [2021-03-13T01:04:43.356Z] Accepted request GET /clone-27da0/us-central1/api --> api
[debug] [2021-03-13T01:04:43.356Z] [worker-pool] Cleaned up workers for ~diagnostic~: 2 --> 1 {"metadata":{"emulator":{"name":"functions"},"message":"[worker-pool] Cleaned up workers for ~diagnostic~: 2 --> 1"}}
[debug] [2021-03-13T01:04:43.360Z] [worker-pool] addWorker(api) {"metadata":{"emulator":{"name":"functions"},"message":"[worker-pool] addWorker(api)"}}
[debug] [2021-03-13T01:04:43.361Z] [worker-pool] Adding worker with key api, total=1 {"metadata":{"emulator":{"name":"functions"},"message":"[worker-pool] Adding worker with key api, total=1"}}
[debug] [2021-03-13T01:04:43.361Z] [worker-pool] submitWork(triggerId=api) {"metadata":{"emulator":{"name":"functions"},"message":"[worker-pool] submitWork(triggerId=api)"}}
[debug] [2021-03-13T01:04:43.361Z] [worker-api-3794f698-c599-4269-9003-e354950ac6ad]: Assigning socketPath: /var/folders/rz/p42h486j6lb43frx51vpkrv00000gn/T/fire_emu_52548.sock {"metadata":{"emulator":{"name":"functions"},"message":"[worker-api-3794f698-c599-4269-9003-e354950ac6ad]: Assigning socketPath: /var/folders/rz/p42h486j6lb43frx51vpkrv00000gn/T/fire_emu_52548.sock"}}
[debug] [2021-03-13T01:04:43.361Z] [worker-api-3794f698-c599-4269-9003-e354950ac6ad]: BUSY {"metadata":{"emulator":{"name":"functions"},"message":"[worker-api-3794f698-c599-4269-9003-e354950ac6ad]: BUSY"}}
[debug] [2021-03-13T01:04:43.489Z] [runtime-status] [52548] Functions runtime initialized. {"cwd":"/Users/nicholaslee/Desktop/amazon-clone/amazon-clone/functions","node_version":"14.16.0"} {"metadata":{"emulator":{"name":"functions"},"function":{"name":"api"},"message":"[runtime-status] [52548] Functions runtime initialized. {\"cwd\":\"/Users/nicholaslee/Desktop/amazon-clone/amazon-clone/functions\",\"node_version\":\"14.16.0\"}"}}
[debug] [2021-03-13T01:04:43.490Z] [runtime-status] [52548] Disabled runtime features: undefined {"metadata":{"emulator":{"name":"functions"},"function":{"name":"api"},"message":"[runtime-status] [52548] Disabled runtime features: undefined"}}
[debug] [2021-03-13T01:04:43.492Z] [runtime-status] [52548] Resolved module firebase-admin {"declared":true,"installed":true,"version":"9.5.0","resolution":"/Users/nicholaslee/Desktop/amazon-clone/amazon-clone/functions/node_modules/firebase-admin/lib/index.js"} {"metadata":{"emulator":{"name":"functions"},"function":{"name":"api"},"message":"[runtime-status] [52548] Resolved module firebase-admin {\"declared\":true,\"installed\":true,\"version\":\"9.5.0\",\"resolution\":\"/Users/nicholaslee/Desktop/amazon-clone/amazon-clone/functions/node_modules/firebase-admin/lib/index.js\"}"}}
[debug] [2021-03-13T01:04:43.493Z] [runtime-status] [52548] Resolved module firebase-functions {"declared":true,"installed":true,"version":"3.13.2","resolution":"/Users/nicholaslee/Desktop/amazon-clone/amazon-clone/functions/node_modules/firebase-functions/lib/index.js"} {"metadata":{"emulator":{"name":"functions"},"function":{"name":"api"},"message":"[runtime-status] [52548] Resolved module firebase-functions {\"declared\":true,\"installed\":true,\"version\":\"3.13.2\",\"resolution\":\"/Users/nicholaslee/Desktop/amazon-clone/amazon-clone/functions/node_modules/firebase-functions/lib/index.js\"}"}}
[debug] [2021-03-13T01:04:43.495Z] [runtime-status] [52548] Resolved module firebase-functions {"declared":true,"installed":true,"version":"3.13.2","resolution":"/Users/nicholaslee/Desktop/amazon-clone/amazon-clone/functions/node_modules/firebase-functions/lib/index.js"} {"metadata":{"emulator":{"name":"functions"},"function":{"name":"api"},"message":"[runtime-status] [52548] Resolved module firebase-functions {\"declared\":true,\"installed\":true,\"version\":\"3.13.2\",\"resolution\":\"/Users/nicholaslee/Desktop/amazon-clone/amazon-clone/functions/node_modules/firebase-functions/lib/index.js\"}"}}
[debug] [2021-03-13T01:04:43.497Z] [runtime-status] [52548] Outgoing network have been stubbed. [{"name":"http","status":"mocked"},{"name":"http","status":"mocked"},{"name":"https","status":"mocked"},{"name":"https","status":"mocked"},{"name":"net","status":"mocked"}] {"metadata":{"emulator":{"name":"functions"},"function":{"name":"api"},"message":"[runtime-status] [52548] Outgoing network have been stubbed. [{\"name\":\"http\",\"status\":\"mocked\"},{\"name\":\"http\",\"status\":\"mocked\"},{\"name\":\"https\",\"status\":\"mocked\"},{\"name\":\"https\",\"status\":\"mocked\"},{\"name\":\"net\",\"status\":\"mocked\"}]"}}
[debug] [2021-03-13T01:04:43.497Z] [runtime-status] [52548] Resolved module firebase-functions {"declared":true,"installed":true,"version":"3.13.2","resolution":"/Users/nicholaslee/Desktop/amazon-clone/amazon-clone/functions/node_modules/firebase-functions/lib/index.js"} {"metadata":{"emulator":{"name":"functions"},"function":{"name":"api"},"message":"[runtime-status] [52548] Resolved module firebase-functions {\"declared\":true,\"installed\":true,\"version\":\"3.13.2\",\"resolution\":\"/Users/nicholaslee/Desktop/amazon-clone/amazon-clone/functions/node_modules/firebase-functions/lib/index.js\"}"}}
[debug] [2021-03-13T01:04:43.528Z] [runtime-status] [52548] Checked functions.config() {"config":{}} {"metadata":{"emulator":{"name":"functions"},"function":{"name":"api"},"message":"[runtime-status] [52548] Checked functions.config() {\"config\":{}}"}}
[debug] [2021-03-13T01:04:43.528Z] [runtime-status] [52548] firebase-functions has been stubbed. {"functionsResolution":{"declared":true,"installed":true,"version":"3.13.2","resolution":"/Users/nicholaslee/Desktop/amazon-clone/amazon-clone/functions/node_modules/firebase-functions/lib/index.js"}} {"metadata":{"emulator":{"name":"functions"},"function":{"name":"api"},"message":"[runtime-status] [52548] firebase-functions has been stubbed. {\"functionsResolution\":{\"declared\":true,\"installed\":true,\"version\":\"3.13.2\",\"resolution\":\"/Users/nicholaslee/Desktop/amazon-clone/amazon-clone/functions/node_modules/firebase-functions/lib/index.js\"}}"}}
[debug] [2021-03-13T01:04:43.528Z] [runtime-status] [52548] Resolved module firebase-functions {"declared":true,"installed":true,"version":"3.13.2","resolution":"/Users/nicholaslee/Desktop/amazon-clone/amazon-clone/functions/node_modules/firebase-functions/lib/index.js"} {"metadata":{"emulator":{"name":"functions"},"function":{"name":"api"},"message":"[runtime-status] [52548] Resolved module firebase-functions {\"declared\":true,\"installed\":true,\"version\":\"3.13.2\",\"resolution\":\"/Users/nicholaslee/Desktop/amazon-clone/amazon-clone/functions/node_modules/firebase-functions/lib/index.js\"}"}}
[debug] [2021-03-13T01:04:43.529Z] [runtime-status] [52548] Resolved module firebase-admin {"declared":true,"installed":true,"version":"9.5.0","resolution":"/Users/nicholaslee/Desktop/amazon-clone/amazon-clone/functions/node_modules/firebase-admin/lib/index.js"} {"metadata":{"emulator":{"name":"functions"},"function":{"name":"api"},"message":"[runtime-status] [52548] Resolved module firebase-admin {\"declared\":true,\"installed\":true,\"version\":\"9.5.0\",\"resolution\":\"/Users/nicholaslee/Desktop/amazon-clone/amazon-clone/functions/node_modules/firebase-admin/lib/index.js\"}"}}
[debug] [2021-03-13T01:04:43.529Z] [runtime-status] [52548] Resolved module firebase-functions {"declared":true,"installed":true,"version":"3.13.2","resolution":"/Users/nicholaslee/Desktop/amazon-clone/amazon-clone/functions/node_modules/firebase-functions/lib/index.js"} {"metadata":{"emulator":{"name":"functions"},"function":{"name":"api"},"message":"[runtime-status] [52548] Resolved module firebase-functions {\"declared\":true,\"installed\":true,\"version\":\"3.13.2\",\"resolution\":\"/Users/nicholaslee/Desktop/amazon-clone/amazon-clone/functions/node_modules/firebase-functions/lib/index.js\"}"}}
[debug] [2021-03-13T01:04:43.530Z] [runtime-status] [52548] firebase-admin has been stubbed. {"adminResolution":{"declared":true,"installed":true,"version":"9.5.0","resolution":"/Users/nicholaslee/Desktop/amazon-clone/amazon-clone/functions/node_modules/firebase-admin/lib/index.js"}} {"metadata":{"emulator":{"name":"functions"},"function":{"name":"api"},"message":"[runtime-status] [52548] firebase-admin has been stubbed. {\"adminResolution\":{\"declared\":true,\"installed\":true,\"version\":\"9.5.0\",\"resolution\":\"/Users/nicholaslee/Desktop/amazon-clone/amazon-clone/functions/node_modules/firebase-admin/lib/index.js\"}}"}}
[debug] [2021-03-13T01:04:43.617Z] [runtime-status] [52548] Trigger "api" has been found, beginning invocation! {"metadata":{"emulator":{"name":"functions"},"function":{"name":"api"},"message":"[runtime-status] [52548] Trigger \"api\" has been found, beginning invocation!"}}
[info] i  functions: Beginning execution of "api" {"metadata":{"emulator":{"name":"functions"},"function":{"name":"api"},"message":"Beginning execution of \"api\""}}
[debug] [2021-03-13T01:04:43.618Z] [runtime-status] [52548] triggerDefinition {"httpsTrigger":{},"name":"api","entryPoint":"api"} {"metadata":{"emulator":{"name":"functions"},"function":{"name":"api"},"message":"[runtime-status] [52548] triggerDefinition {\"httpsTrigger\":{},\"name\":\"api\",\"entryPoint\":\"api\"}"}}
[debug] [2021-03-13T01:04:43.618Z] [runtime-status] [52548] Running api in mode HTTPS {"metadata":{"emulator":{"name":"functions"},"function":{"name":"api"},"message":"[runtime-status] [52548] Running api in mode HTTPS"}}
[debug] [2021-03-13T01:04:43.620Z] [runtime-status] [52548] Attempting to listen to socketPath: /var/folders/rz/p42h486j6lb43frx51vpkrv00000gn/T/fire_emu_52548.sock {"metadata":{"emulator":{"name":"functions"},"function":{"name":"api"},"message":"[runtime-status] [52548] Attempting to listen to socketPath: /var/folders/rz/p42h486j6lb43frx51vpkrv00000gn/T/fire_emu_52548.sock"}}
[debug] [2021-03-13T01:04:43.624Z] [functions] Runtime ready! Sending request! {"metadata":{"emulator":{"name":"functions"},"message":"[functions] Runtime ready! Sending request!"}}
[debug] [2021-03-13T01:04:43.624Z] [functions] Got req.url=/clone-27da0/us-central1/api, mapping to path=/ {"metadata":{"emulator":{"name":"functions"},"message":"[functions] Got req.url=/clone-27da0/us-central1/api, mapping to path=/"}}
[debug] [2021-03-13T01:04:43.631Z] [runtime-status] [52548] Ephemeral server handling GET request {"metadata":{"emulator":{"name":"functions"},"function":{"name":"api"},"message":"[runtime-status] [52548] Ephemeral server handling GET request"}}
[debug] [2021-03-13T01:04:43.638Z] [runtime-status] [52548] Ephemeral server survived. {"metadata":{"emulator":{"name":"functions"},"function":{"name":"api"},"message":"[runtime-status] [52548] Ephemeral server survived."}}
[info] i  functions: Finished "api" in ~1s {"metadata":{"emulator":{"name":"functions"},"function":{"name":"api"},"message":"Finished \"api\" in ~1s"}}
[debug] [2021-03-13T01:04:43.641Z] [worker-api-3794f698-c599-4269-9003-e354950ac6ad]: IDLE {"metadata":{"emulator":{"name":"functions"},"message":"[worker-api-3794f698-c599-4269-9003-e354950ac6ad]: IDLE"}}
[debug] [2021-03-13T01:04:43.641Z] [work-queue] {"queueLength":0,"workRunningCount":0}
[debug] [2021-03-13T01:04:43.730Z] Functions emulator received unknown request at path /favicon.ico
[debug] [2021-03-13T01:26:24.569Z] File /Users/nicholaslee/Desktop/amazon-clone/amazon-clone/functions/index.js changed, reloading triggers {"metadata":{"emulator":{"name":"functions"},"message":"File /Users/nicholaslee/Desktop/amazon-clone/amazon-clone/functions/index.js changed, reloading triggers"}}
[debug] [2021-03-13T01:26:25.571Z] [worker-pool] Shutting down IDLE worker (~diagnostic~) {"metadata":{"emulator":{"name":"functions"},"message":"[worker-pool] Shutting down IDLE worker (~diagnostic~)"}}
[debug] [2021-03-13T01:26:25.571Z] [worker-~diagnostic~-14ca9f32-24fe-4525-85b9-26bb197920ed]: FINISHING {"metadata":{"emulator":{"name":"functions"},"message":"[worker-~diagnostic~-14ca9f32-24fe-4525-85b9-26bb197920ed]: FINISHING"}}
[debug] [2021-03-13T01:26:25.572Z] [worker-pool] Shutting down IDLE worker (api) {"metadata":{"emulator":{"name":"functions"},"message":"[worker-pool] Shutting down IDLE worker (api)"}}
[debug] [2021-03-13T01:26:25.572Z] [worker-api-3794f698-c599-4269-9003-e354950ac6ad]: FINISHING {"metadata":{"emulator":{"name":"functions"},"message":"[worker-api-3794f698-c599-4269-9003-e354950ac6ad]: FINISHING"}}
[debug] [2021-03-13T01:26:25.577Z] [worker-pool] addWorker(~diagnostic~) {"metadata":{"emulator":{"name":"functions"},"message":"[worker-pool] addWorker(~diagnostic~)"}}
[debug] [2021-03-13T01:26:25.577Z] [worker-pool] Adding worker with key ~diagnostic~, total=2 {"metadata":{"emulator":{"name":"functions"},"message":"[worker-pool] Adding worker with key ~diagnostic~, total=2"}}
[debug] [2021-03-13T01:26:25.577Z] [worker-pool] submitWork(triggerId=) {"metadata":{"emulator":{"name":"functions"},"message":"[worker-pool] submitWork(triggerId=)"}}
[debug] [2021-03-13T01:26:25.578Z] [worker-~diagnostic~-0778436c-79a9-4c80-b176-723e51ee4fb1]: Assigning socketPath: /var/folders/rz/p42h486j6lb43frx51vpkrv00000gn/T/fire_emu_52745.sock {"metadata":{"emulator":{"name":"functions"},"message":"[worker-~diagnostic~-0778436c-79a9-4c80-b176-723e51ee4fb1]: Assigning socketPath: /var/folders/rz/p42h486j6lb43frx51vpkrv00000gn/T/fire_emu_52745.sock"}}
[debug] [2021-03-13T01:26:25.578Z] [worker-~diagnostic~-0778436c-79a9-4c80-b176-723e51ee4fb1]: BUSY {"metadata":{"emulator":{"name":"functions"},"message":"[worker-~diagnostic~-0778436c-79a9-4c80-b176-723e51ee4fb1]: BUSY"}}
[debug] [2021-03-13T01:26:25.579Z] [worker-~diagnostic~-14ca9f32-24fe-4525-85b9-26bb197920ed]: exited {"metadata":{"emulator":{"name":"functions"},"message":"[worker-~diagnostic~-14ca9f32-24fe-4525-85b9-26bb197920ed]: exited"}}
[debug] [2021-03-13T01:26:25.579Z] [worker-~diagnostic~-14ca9f32-24fe-4525-85b9-26bb197920ed]: FINISHED {"metadata":{"emulator":{"name":"functions"},"message":"[worker-~diagnostic~-14ca9f32-24fe-4525-85b9-26bb197920ed]: FINISHED"}}
[debug] [2021-03-13T01:26:25.580Z] [worker-api-3794f698-c599-4269-9003-e354950ac6ad]: exited {"metadata":{"emulator":{"name":"functions"},"message":"[worker-api-3794f698-c599-4269-9003-e354950ac6ad]: exited"}}
[debug] [2021-03-13T01:26:25.580Z] [worker-api-3794f698-c599-4269-9003-e354950ac6ad]: FINISHED {"metadata":{"emulator":{"name":"functions"},"message":"[worker-api-3794f698-c599-4269-9003-e354950ac6ad]: FINISHED"}}
[debug] [2021-03-13T01:26:25.840Z] [runtime-status] [52745] Functions runtime initialized. {"cwd":"/Users/nicholaslee/Desktop/amazon-clone/amazon-clone/functions","node_version":"14.16.0"} {"metadata":{"emulator":{"name":"functions"},"message":"[runtime-status] [52745] Functions runtime initialized. {\"cwd\":\"/Users/nicholaslee/Desktop/amazon-clone/amazon-clone/functions\",\"node_version\":\"14.16.0\"}"}}
[debug] [2021-03-13T01:26:25.841Z] [runtime-status] [52745] Disabled runtime features: undefined {"metadata":{"emulator":{"name":"functions"},"message":"[runtime-status] [52745] Disabled runtime features: undefined"}}
[debug] [2021-03-13T01:26:25.845Z] [runtime-status] [52745] Resolved module firebase-admin {"declared":true,"installed":true,"version":"9.5.0","resolution":"/Users/nicholaslee/Desktop/amazon-clone/amazon-clone/functions/node_modules/firebase-admin/lib/index.js"} {"metadata":{"emulator":{"name":"functions"},"message":"[runtime-status] [52745] Resolved module firebase-admin {\"declared\":true,\"installed\":true,\"version\":\"9.5.0\",\"resolution\":\"/Users/nicholaslee/Desktop/amazon-clone/amazon-clone/functions/node_modules/firebase-admin/lib/index.js\"}"}}
[debug] [2021-03-13T01:26:25.848Z] [runtime-status] [52745] Resolved module firebase-functions {"declared":true,"installed":true,"version":"3.13.2","resolution":"/Users/nicholaslee/Desktop/amazon-clone/amazon-clone/functions/node_modules/firebase-functions/lib/index.js"} {"metadata":{"emulator":{"name":"functions"},"message":"[runtime-status] [52745] Resolved module firebase-functions {\"declared\":true,\"installed\":true,\"version\":\"3.13.2\",\"resolution\":\"/Users/nicholaslee/Desktop/amazon-clone/amazon-clone/functions/node_modules/firebase-functions/lib/index.js\"}"}}
[debug] [2021-03-13T01:26:25.851Z] [runtime-status] [52745] Resolved module firebase-functions {"declared":true,"installed":true,"version":"3.13.2","resolution":"/Users/nicholaslee/Desktop/amazon-clone/amazon-clone/functions/node_modules/firebase-functions/lib/index.js"} {"metadata":{"emulator":{"name":"functions"},"message":"[runtime-status] [52745] Resolved module firebase-functions {\"declared\":true,\"installed\":true,\"version\":\"3.13.2\",\"resolution\":\"/Users/nicholaslee/Desktop/amazon-clone/amazon-clone/functions/node_modules/firebase-functions/lib/index.js\"}"}}
[debug] [2021-03-13T01:26:25.853Z] [runtime-status] [52745] Outgoing network have been stubbed. [{"name":"http","status":"mocked"},{"name":"http","status":"mocked"},{"name":"https","status":"mocked"},{"name":"https","status":"mocked"},{"name":"net","status":"mocked"}] {"metadata":{"emulator":{"name":"functions"},"message":"[runtime-status] [52745] Outgoing network have been stubbed. [{\"name\":\"http\",\"status\":\"mocked\"},{\"name\":\"http\",\"status\":\"mocked\"},{\"name\":\"https\",\"status\":\"mocked\"},{\"name\":\"https\",\"status\":\"mocked\"},{\"name\":\"net\",\"status\":\"mocked\"}]"}}
[debug] [2021-03-13T01:26:25.853Z] [runtime-status] [52745] Resolved module firebase-functions {"declared":true,"installed":true,"version":"3.13.2","resolution":"/Users/nicholaslee/Desktop/amazon-clone/amazon-clone/functions/node_modules/firebase-functions/lib/index.js"} {"metadata":{"emulator":{"name":"functions"},"message":"[runtime-status] [52745] Resolved module firebase-functions {\"declared\":true,\"installed\":true,\"version\":\"3.13.2\",\"resolution\":\"/Users/nicholaslee/Desktop/amazon-clone/amazon-clone/functions/node_modules/firebase-functions/lib/index.js\"}"}}
[debug] [2021-03-13T01:26:25.911Z] [runtime-status] [52745] Checked functions.config() {"config":{}} {"metadata":{"emulator":{"name":"functions"},"message":"[runtime-status] [52745] Checked functions.config() {\"config\":{}}"}}
[debug] [2021-03-13T01:26:25.911Z] [runtime-status] [52745] firebase-functions has been stubbed. {"functionsResolution":{"declared":true,"installed":true,"version":"3.13.2","resolution":"/Users/nicholaslee/Desktop/amazon-clone/amazon-clone/functions/node_modules/firebase-functions/lib/index.js"}} {"metadata":{"emulator":{"name":"functions"},"message":"[runtime-status] [52745] firebase-functions has been stubbed. {\"functionsResolution\":{\"declared\":true,\"installed\":true,\"version\":\"3.13.2\",\"resolution\":\"/Users/nicholaslee/Desktop/amazon-clone/amazon-clone/functions/node_modules/firebase-functions/lib/index.js\"}}"}}
[debug] [2021-03-13T01:26:25.912Z] [runtime-status] [52745] Resolved module firebase-functions {"declared":true,"installed":true,"version":"3.13.2","resolution":"/Users/nicholaslee/Desktop/amazon-clone/amazon-clone/functions/node_modules/firebase-functions/lib/index.js"} {"metadata":{"emulator":{"name":"functions"},"message":"[runtime-status] [52745] Resolved module firebase-functions {\"declared\":true,\"installed\":true,\"version\":\"3.13.2\",\"resolution\":\"/Users/nicholaslee/Desktop/amazon-clone/amazon-clone/functions/node_modules/firebase-functions/lib/index.js\"}"}}
[debug] [2021-03-13T01:26:25.912Z] [runtime-status] [52745] Resolved module firebase-admin {"declared":true,"installed":true,"version":"9.5.0","resolution":"/Users/nicholaslee/Desktop/amazon-clone/amazon-clone/functions/node_modules/firebase-admin/lib/index.js"} {"metadata":{"emulator":{"name":"functions"},"message":"[runtime-status] [52745] Resolved module firebase-admin {\"declared\":true,\"installed\":true,\"version\":\"9.5.0\",\"resolution\":\"/Users/nicholaslee/Desktop/amazon-clone/amazon-clone/functions/node_modules/firebase-admin/lib/index.js\"}"}}
[debug] [2021-03-13T01:26:25.913Z] [runtime-status] [52745] Resolved module firebase-functions {"declared":true,"installed":true,"version":"3.13.2","resolution":"/Users/nicholaslee/Desktop/amazon-clone/amazon-clone/functions/node_modules/firebase-functions/lib/index.js"} {"metadata":{"emulator":{"name":"functions"},"message":"[runtime-status] [52745] Resolved module firebase-functions {\"declared\":true,\"installed\":true,\"version\":\"3.13.2\",\"resolution\":\"/Users/nicholaslee/Desktop/amazon-clone/amazon-clone/functions/node_modules/firebase-functions/lib/index.js\"}"}}
[debug] [2021-03-13T01:26:25.913Z] [runtime-status] [52745] firebase-admin has been stubbed. {"adminResolution":{"declared":true,"installed":true,"version":"9.5.0","resolution":"/Users/nicholaslee/Desktop/amazon-clone/amazon-clone/functions/node_modules/firebase-admin/lib/index.js"}} {"metadata":{"emulator":{"name":"functions"},"message":"[runtime-status] [52745] firebase-admin has been stubbed. {\"adminResolution\":{\"declared\":true,\"installed\":true,\"version\":\"9.5.0\",\"resolution\":\"/Users/nicholaslee/Desktop/amazon-clone/amazon-clone/functions/node_modules/firebase-admin/lib/index.js\"}}"}}
[debug] [2021-03-13T01:26:26.087Z] [worker-~diagnostic~-0778436c-79a9-4c80-b176-723e51ee4fb1]: IDLE {"metadata":{"emulator":{"name":"functions"},"message":"[worker-~diagnostic~-0778436c-79a9-4c80-b176-723e51ee4fb1]: IDLE"}}
[debug] [2021-03-13T01:34:16.089Z] [work-queue] {"queueLength":1,"workRunningCount":0}
[debug] [2021-03-13T01:34:16.089Z] [work-queue] {"queueLength":0,"workRunningCount":1}
[debug] [2021-03-13T01:34:16.089Z] Accepted request POST /clone-27da0/us-central1/api/payments/create?total=21127.000000000004 --> api
[debug] [2021-03-13T01:34:16.089Z] [worker-pool] Cleaned up workers for ~diagnostic~: 2 --> 1 {"metadata":{"emulator":{"name":"functions"},"message":"[worker-pool] Cleaned up workers for ~diagnostic~: 2 --> 1"}}
[debug] [2021-03-13T01:34:16.089Z] [worker-pool] Cleaned up workers for api: 1 --> 0 {"metadata":{"emulator":{"name":"functions"},"message":"[worker-pool] Cleaned up workers for api: 1 --> 0"}}
[debug] [2021-03-13T01:34:16.093Z] [worker-pool] addWorker(api) {"metadata":{"emulator":{"name":"functions"},"message":"[worker-pool] addWorker(api)"}}
[debug] [2021-03-13T01:34:16.093Z] [worker-pool] Adding worker with key api, total=1 {"metadata":{"emulator":{"name":"functions"},"message":"[worker-pool] Adding worker with key api, total=1"}}
[debug] [2021-03-13T01:34:16.093Z] [worker-pool] submitWork(triggerId=api) {"metadata":{"emulator":{"name":"functions"},"message":"[worker-pool] submitWork(triggerId=api)"}}
[debug] [2021-03-13T01:34:16.094Z] [worker-api-516c303d-a707-4691-bb6d-df9417aeed7d]: Assigning socketPath: /var/folders/rz/p42h486j6lb43frx51vpkrv00000gn/T/fire_emu_52796.sock {"metadata":{"emulator":{"name":"functions"},"message":"[worker-api-516c303d-a707-4691-bb6d-df9417aeed7d]: Assigning socketPath: /var/folders/rz/p42h486j6lb43frx51vpkrv00000gn/T/fire_emu_52796.sock"}}
[debug] [2021-03-13T01:34:16.094Z] [worker-api-516c303d-a707-4691-bb6d-df9417aeed7d]: BUSY {"metadata":{"emulator":{"name":"functions"},"message":"[worker-api-516c303d-a707-4691-bb6d-df9417aeed7d]: BUSY"}}
[debug] [2021-03-13T01:34:16.313Z] [runtime-status] [52796] Functions runtime initialized. {"cwd":"/Users/nicholaslee/Desktop/amazon-clone/amazon-clone/functions","node_version":"14.16.0"} {"metadata":{"emulator":{"name":"functions"},"function":{"name":"api"},"message":"[runtime-status] [52796] Functions runtime initialized. {\"cwd\":\"/Users/nicholaslee/Desktop/amazon-clone/amazon-clone/functions\",\"node_version\":\"14.16.0\"}"}}
[debug] [2021-03-13T01:34:16.316Z] [runtime-status] [52796] Disabled runtime features: undefined {"metadata":{"emulator":{"name":"functions"},"function":{"name":"api"},"message":"[runtime-status] [52796] Disabled runtime features: undefined"}}
[debug] [2021-03-13T01:34:16.317Z] [runtime-status] [52796] Resolved module firebase-admin {"declared":true,"installed":true,"version":"9.5.0","resolution":"/Users/nicholaslee/Desktop/amazon-clone/amazon-clone/functions/node_modules/firebase-admin/lib/index.js"} {"metadata":{"emulator":{"name":"functions"},"function":{"name":"api"},"message":"[runtime-status] [52796] Resolved module firebase-admin {\"declared\":true,\"installed\":true,\"version\":\"9.5.0\",\"resolution\":\"/Users/nicholaslee/Desktop/amazon-clone/amazon-clone/functions/node_modules/firebase-admin/lib/index.js\"}"}}
[debug] [2021-03-13T01:34:16.318Z] [runtime-status] [52796] Resolved module firebase-functions {"declared":true,"installed":true,"version":"3.13.2","resolution":"/Users/nicholaslee/Desktop/amazon-clone/amazon-clone/functions/node_modules/firebase-functions/lib/index.js"} {"metadata":{"emulator":{"name":"functions"},"function":{"name":"api"},"message":"[runtime-status] [52796] Resolved module firebase-functions {\"declared\":true,\"installed\":true,\"version\":\"3.13.2\",\"resolution\":\"/Users/nicholaslee/Desktop/amazon-clone/amazon-clone/functions/node_modules/firebase-functions/lib/index.js\"}"}}
[debug] [2021-03-13T01:34:16.321Z] [runtime-status] [52796] Resolved module firebase-functions {"declared":true,"installed":true,"version":"3.13.2","resolution":"/Users/nicholaslee/Desktop/amazon-clone/amazon-clone/functions/node_modules/firebase-functions/lib/index.js"} {"metadata":{"emulator":{"name":"functions"},"function":{"name":"api"},"message":"[runtime-status] [52796] Resolved module firebase-functions {\"declared\":true,\"installed\":true,\"version\":\"3.13.2\",\"resolution\":\"/Users/nicholaslee/Desktop/amazon-clone/amazon-clone/functions/node_modules/firebase-functions/lib/index.js\"}"}}
[debug] [2021-03-13T01:34:16.322Z] [runtime-status] [52796] Outgoing network have been stubbed. [{"name":"http","status":"mocked"},{"name":"http","status":"mocked"},{"name":"https","status":"mocked"},{"name":"https","status":"mocked"},{"name":"net","status":"mocked"}] {"metadata":{"emulator":{"name":"functions"},"function":{"name":"api"},"message":"[runtime-status] [52796] Outgoing network have been stubbed. [{\"name\":\"http\",\"status\":\"mocked\"},{\"name\":\"http\",\"status\":\"mocked\"},{\"name\":\"https\",\"status\":\"mocked\"},{\"name\":\"https\",\"status\":\"mocked\"},{\"name\":\"net\",\"status\":\"mocked\"}]"}}
[debug] [2021-03-13T01:34:16.322Z] [runtime-status] [52796] Resolved module firebase-functions {"declared":true,"installed":true,"version":"3.13.2","resolution":"/Users/nicholaslee/Desktop/amazon-clone/amazon-clone/functions/node_modules/firebase-functions/lib/index.js"} {"metadata":{"emulator":{"name":"functions"},"function":{"name":"api"},"message":"[runtime-status] [52796] Resolved module firebase-functions {\"declared\":true,\"installed\":true,\"version\":\"3.13.2\",\"resolution\":\"/Users/nicholaslee/Desktop/amazon-clone/amazon-clone/functions/node_modules/firebase-functions/lib/index.js\"}"}}
[debug] [2021-03-13T01:34:16.370Z] [runtime-status] [52796] Checked functions.config() {"config":{}} {"metadata":{"emulator":{"name":"functions"},"function":{"name":"api"},"message":"[runtime-status] [52796] Checked functions.config() {\"config\":{}}"}}
[debug] [2021-03-13T01:34:16.370Z] [runtime-status] [52796] firebase-functions has been stubbed. {"functionsResolution":{"declared":true,"installed":true,"version":"3.13.2","resolution":"/Users/nicholaslee/Desktop/amazon-clone/amazon-clone/functions/node_modules/firebase-functions/lib/index.js"}} {"metadata":{"emulator":{"name":"functions"},"function":{"name":"api"},"message":"[runtime-status] [52796] firebase-functions has been stubbed. {\"functionsResolution\":{\"declared\":true,\"installed\":true,\"version\":\"3.13.2\",\"resolution\":\"/Users/nicholaslee/Desktop/amazon-clone/amazon-clone/functions/node_modules/firebase-functions/lib/index.js\"}}"}}
[debug] [2021-03-13T01:34:16.370Z] [runtime-status] [52796] Resolved module firebase-functions {"declared":true,"installed":true,"version":"3.13.2","resolution":"/Users/nicholaslee/Desktop/amazon-clone/amazon-clone/functions/node_modules/firebase-functions/lib/index.js"} {"metadata":{"emulator":{"name":"functions"},"function":{"name":"api"},"message":"[runtime-status] [52796] Resolved module firebase-functions {\"declared\":true,\"installed\":true,\"version\":\"3.13.2\",\"resolution\":\"/Users/nicholaslee/Desktop/amazon-clone/amazon-clone/functions/node_modules/firebase-functions/lib/index.js\"}"}}
[debug] [2021-03-13T01:34:16.371Z] [runtime-status] [52796] Resolved module firebase-admin {"declared":true,"installed":true,"version":"9.5.0","resolution":"/Users/nicholaslee/Desktop/amazon-clone/amazon-clone/functions/node_modules/firebase-admin/lib/index.js"} {"metadata":{"emulator":{"name":"functions"},"function":{"name":"api"},"message":"[runtime-status] [52796] Resolved module firebase-admin {\"declared\":true,\"installed\":true,\"version\":\"9.5.0\",\"resolution\":\"/Users/nicholaslee/Desktop/amazon-clone/amazon-clone/functions/node_modules/firebase-admin/lib/index.js\"}"}}
[debug] [2021-03-13T01:34:16.371Z] [runtime-status] [52796] Resolved module firebase-functions {"declared":true,"installed":true,"version":"3.13.2","resolution":"/Users/nicholaslee/Desktop/amazon-clone/amazon-clone/functions/node_modules/firebase-functions/lib/index.js"} {"metadata":{"emulator":{"name":"functions"},"function":{"name":"api"},"message":"[runtime-status] [52796] Resolved module firebase-functions {\"declared\":true,\"installed\":true,\"version\":\"3.13.2\",\"resolution\":\"/Users/nicholaslee/Desktop/amazon-clone/amazon-clone/functions/node_modules/firebase-functions/lib/index.js\"}"}}
[debug] [2021-03-13T01:34:16.371Z] [runtime-status] [52796] firebase-admin has been stubbed. {"adminResolution":{"declared":true,"installed":true,"version":"9.5.0","resolution":"/Users/nicholaslee/Desktop/amazon-clone/amazon-clone/functions/node_modules/firebase-admin/lib/index.js"}} {"metadata":{"emulator":{"name":"functions"},"function":{"name":"api"},"message":"[runtime-status] [52796] firebase-admin has been stubbed. {\"adminResolution\":{\"declared\":true,\"installed\":true,\"version\":\"9.5.0\",\"resolution\":\"/Users/nicholaslee/Desktop/amazon-clone/amazon-clone/functions/node_modules/firebase-admin/lib/index.js\"}}"}}
[debug] [2021-03-13T01:34:16.505Z] [runtime-status] [52796] Trigger "api" has been found, beginning invocation! {"metadata":{"emulator":{"name":"functions"},"function":{"name":"api"},"message":"[runtime-status] [52796] Trigger \"api\" has been found, beginning invocation!"}}
[info] i  functions: Beginning execution of "api" {"metadata":{"emulator":{"name":"functions"},"function":{"name":"api"},"message":"Beginning execution of \"api\""}}
[debug] [2021-03-13T01:34:16.506Z] [runtime-status] [52796] triggerDefinition {"httpsTrigger":{},"name":"api","entryPoint":"api"} {"metadata":{"emulator":{"name":"functions"},"function":{"name":"api"},"message":"[runtime-status] [52796] triggerDefinition {\"httpsTrigger\":{},\"name\":\"api\",\"entryPoint\":\"api\"}"}}
[debug] [2021-03-13T01:34:16.506Z] [runtime-status] [52796] Running api in mode HTTPS {"metadata":{"emulator":{"name":"functions"},"function":{"name":"api"},"message":"[runtime-status] [52796] Running api in mode HTTPS"}}
[debug] [2021-03-13T01:34:16.509Z] [runtime-status] [52796] Attempting to listen to socketPath: /var/folders/rz/p42h486j6lb43frx51vpkrv00000gn/T/fire_emu_52796.sock {"metadata":{"emulator":{"name":"functions"},"function":{"name":"api"},"message":"[runtime-status] [52796] Attempting to listen to socketPath: /var/folders/rz/p42h486j6lb43frx51vpkrv00000gn/T/fire_emu_52796.sock"}}
[debug] [2021-03-13T01:34:16.513Z] [functions] Runtime ready! Sending request! {"metadata":{"emulator":{"name":"functions"},"message":"[functions] Runtime ready! Sending request!"}}
[debug] [2021-03-13T01:34:16.514Z] [functions] Got req.url=/clone-27da0/us-central1/api/payments/create?total=21127.000000000004, mapping to path=/payments/create?total=21127.000000000004 {"metadata":{"emulator":{"name":"functions"},"message":"[functions] Got req.url=/clone-27da0/us-central1/api/payments/create?total=21127.000000000004, mapping to path=/payments/create?total=21127.000000000004"}}
[debug] [2021-03-13T01:34:16.520Z] [runtime-status] [52796] Ephemeral server handling POST request {"metadata":{"emulator":{"name":"functions"},"function":{"name":"api"},"message":"[runtime-status] [52796] Ephemeral server handling POST request"}}
[info] >  ****Payment request successful**** 21127.000000000004 {"user":"****Payment request successful**** 21127.000000000004","metadata":{"emulator":{"name":"functions"},"function":{"name":"api"},"message":"\u001b[90m> \u001b[39m ****Payment request successful**** 21127.000000000004"}}
[debug] [2021-03-13T01:34:16.530Z] [runtime-status] [52796] Ephemeral server survived. {"metadata":{"emulator":{"name":"functions"},"function":{"name":"api"},"message":"[runtime-status] [52796] Ephemeral server survived."}}
[info] >  (node:52796) UnhandledPromiseRejectionWarning: Error: Invalid integer: 21127.000000000004 {"user":"(node:52796) UnhandledPromiseRejectionWarning: Error: Invalid integer: 21127.000000000004","metadata":{"emulator":{"name":"functions"},"function":{"name":"api"},"message":"\u001b[90m> \u001b[39m (node:52796) UnhandledPromiseRejectionWarning: Error: Invalid integer: 21127.000000000004"}}
[info] >      at Function.generate (/Users/nicholaslee/Desktop/amazon-clone/amazon-clone/functions/node_modules/stripe/lib/Error.js:40:16) {"user":"    at Function.generate (/Users/nicholaslee/Desktop/amazon-clone/amazon-clone/functions/node_modules/stripe/lib/Error.js:40:16)","metadata":{"emulator":{"name":"functions"},"function":{"name":"api"},"message":"\u001b[90m> \u001b[39m     at Function.generate (/Users/nicholaslee/Desktop/amazon-clone/amazon-clone/functions/node_modules/stripe/lib/Error.js:40:16)"}}
[info] >      at IncomingMessage.<anonymous> (/Users/nicholaslee/Desktop/amazon-clone/amazon-clone/functions/node_modules/stripe/lib/StripeResource.js:180:33) {"user":"    at IncomingMessage.<anonymous> (/Users/nicholaslee/Desktop/amazon-clone/amazon-clone/functions/node_modules/stripe/lib/StripeResource.js:180:33)","metadata":{"emulator":{"name":"functions"},"function":{"name":"api"},"message":"\u001b[90m> \u001b[39m     at IncomingMessage.<anonymous> (/Users/nicholaslee/Desktop/amazon-clone/amazon-clone/functions/node_modules/stripe/lib/StripeResource.js:180:33)"}}
[info] >      at Object.onceWrapper (events.js:421:28) {"user":"    at Object.onceWrapper (events.js:421:28)","metadata":{"emulator":{"name":"functions"},"function":{"name":"api"},"message":"\u001b[90m> \u001b[39m     at Object.onceWrapper (events.js:421:28)"}}
[info] >      at IncomingMessage.emit (events.js:327:22) {"user":"    at IncomingMessage.emit (events.js:327:22)","metadata":{"emulator":{"name":"functions"},"function":{"name":"api"},"message":"\u001b[90m> \u001b[39m     at IncomingMessage.emit (events.js:327:22)"}}
[info] >      at endReadableNT (internal/streams/readable.js:1327:12) {"user":"    at endReadableNT (internal/streams/readable.js:1327:12)","metadata":{"emulator":{"name":"functions"},"function":{"name":"api"},"message":"\u001b[90m> \u001b[39m     at endReadableNT (internal/streams/readable.js:1327:12)"}}
[info] >      at processTicksAndRejections (internal/process/task_queues.js:80:21) {"user":"    at processTicksAndRejections (internal/process/task_queues.js:80:21)","metadata":{"emulator":{"name":"functions"},"function":{"name":"api"},"message":"\u001b[90m> \u001b[39m     at processTicksAndRejections (internal/process/task_queues.js:80:21)"}}
[info] >  (Use `node --trace-warnings ...` to show where the warning was created) {"user":"(Use `node --trace-warnings ...` to show where the warning was created)","metadata":{"emulator":{"name":"functions"},"function":{"name":"api"},"message":"\u001b[90m> \u001b[39m (Use `node --trace-warnings ...` to show where the warning was created)"}}
[info] >  (node:52796) UnhandledPromiseRejectionWarning: Unhandled promise rejection. This error originated either by throwing inside of an async function without a catch block, or by rejecting a promise which was not handled with .catch(). To terminate the node process on unhandled promise rejection, use the CLI flag `--unhandled-rejections=strict` (see https://nodejs.org/api/cli.html#cli_unhandled_rejections_mode). (rejection id: 1) {"user":"(node:52796) UnhandledPromiseRejectionWarning: Unhandled promise rejection. This error originated either by throwing inside of an async function without a catch block, or by rejecting a promise which was not handled with .catch(). To terminate the node process on unhandled promise rejection, use the CLI flag `--unhandled-rejections=strict` (see https://nodejs.org/api/cli.html#cli_unhandled_rejections_mode). (rejection id: 1)","metadata":{"emulator":{"name":"functions"},"function":{"name":"api"},"message":"\u001b[90m> \u001b[39m (node:52796) UnhandledPromiseRejectionWarning: Unhandled promise rejection. This error originated either by throwing inside of an async function without a catch block, or by rejecting a promise which was not handled with .catch(). To terminate the node process on unhandled promise rejection, use the CLI flag `--unhandled-rejections=strict` (see https://nodejs.org/api/cli.html#cli_unhandled_rejections_mode). (rejection id: 1)"}}
[info] >  (node:52796) [DEP0018] DeprecationWarning: Unhandled promise rejections are deprecated. In the future, promise rejections that are not handled will terminate the Node.js process with a non-zero exit code. {"user":"(node:52796) [DEP0018] DeprecationWarning: Unhandled promise rejections are deprecated. In the future, promise rejections that are not handled will terminate the Node.js process with a non-zero exit code.","metadata":{"emulator":{"name":"functions"},"function":{"name":"api"},"message":"\u001b[90m> \u001b[39m (node:52796) [DEP0018] DeprecationWarning: Unhandled promise rejections are deprecated. In the future, promise rejections that are not handled will terminate the Node.js process with a non-zero exit code."}}
[debug] [2021-03-13T01:34:34.082Z] [work-queue] {"queueLength":1,"workRunningCount":1}
[debug] [2021-03-13T01:34:34.083Z] [work-queue] {"queueLength":0,"workRunningCount":2}
[debug] [2021-03-13T01:34:34.083Z] Accepted request POST /clone-27da0/us-central1/api/payments/create?total=90172 --> api
[debug] [2021-03-13T01:34:34.086Z] [worker-pool] addWorker(api) {"metadata":{"emulator":{"name":"functions"},"message":"[worker-pool] addWorker(api)"}}
[debug] [2021-03-13T01:34:34.087Z] [worker-pool] Adding worker with key api, total=2 {"metadata":{"emulator":{"name":"functions"},"message":"[worker-pool] Adding worker with key api, total=2"}}
[debug] [2021-03-13T01:34:34.087Z] [worker-pool] submitWork(triggerId=api) {"metadata":{"emulator":{"name":"functions"},"message":"[worker-pool] submitWork(triggerId=api)"}}
[debug] [2021-03-13T01:34:34.087Z] [worker-api-53f46318-80ac-4d74-b745-f24ddc50ac5c]: Assigning socketPath: /var/folders/rz/p42h486j6lb43frx51vpkrv00000gn/T/fire_emu_52800.sock {"metadata":{"emulator":{"name":"functions"},"message":"[worker-api-53f46318-80ac-4d74-b745-f24ddc50ac5c]: Assigning socketPath: /var/folders/rz/p42h486j6lb43frx51vpkrv00000gn/T/fire_emu_52800.sock"}}
[debug] [2021-03-13T01:34:34.087Z] [worker-api-53f46318-80ac-4d74-b745-f24ddc50ac5c]: BUSY {"metadata":{"emulator":{"name":"functions"},"message":"[worker-api-53f46318-80ac-4d74-b745-f24ddc50ac5c]: BUSY"}}
[debug] [2021-03-13T01:34:34.260Z] [runtime-status] [52800] Functions runtime initialized. {"cwd":"/Users/nicholaslee/Desktop/amazon-clone/amazon-clone/functions","node_version":"14.16.0"} {"metadata":{"emulator":{"name":"functions"},"function":{"name":"api"},"message":"[runtime-status] [52800] Functions runtime initialized. {\"cwd\":\"/Users/nicholaslee/Desktop/amazon-clone/amazon-clone/functions\",\"node_version\":\"14.16.0\"}"}}
[debug] [2021-03-13T01:34:34.261Z] [runtime-status] [52800] Disabled runtime features: undefined {"metadata":{"emulator":{"name":"functions"},"function":{"name":"api"},"message":"[runtime-status] [52800] Disabled runtime features: undefined"}}
[debug] [2021-03-13T01:34:34.263Z] [runtime-status] [52800] Resolved module firebase-admin {"declared":true,"installed":true,"version":"9.5.0","resolution":"/Users/nicholaslee/Desktop/amazon-clone/amazon-clone/functions/node_modules/firebase-admin/lib/index.js"} {"metadata":{"emulator":{"name":"functions"},"function":{"name":"api"},"message":"[runtime-status] [52800] Resolved module firebase-admin {\"declared\":true,\"installed\":true,\"version\":\"9.5.0\",\"resolution\":\"/Users/nicholaslee/Desktop/amazon-clone/amazon-clone/functions/node_modules/firebase-admin/lib/index.js\"}"}}
[debug] [2021-03-13T01:34:34.264Z] [runtime-status] [52800] Resolved module firebase-functions {"declared":true,"installed":true,"version":"3.13.2","resolution":"/Users/nicholaslee/Desktop/amazon-clone/amazon-clone/functions/node_modules/firebase-functions/lib/index.js"} {"metadata":{"emulator":{"name":"functions"},"function":{"name":"api"},"message":"[runtime-status] [52800] Resolved module firebase-functions {\"declared\":true,\"installed\":true,\"version\":\"3.13.2\",\"resolution\":\"/Users/nicholaslee/Desktop/amazon-clone/amazon-clone/functions/node_modules/firebase-functions/lib/index.js\"}"}}
[debug] [2021-03-13T01:34:34.266Z] [runtime-status] [52800] Resolved module firebase-functions {"declared":true,"installed":true,"version":"3.13.2","resolution":"/Users/nicholaslee/Desktop/amazon-clone/amazon-clone/functions/node_modules/firebase-functions/lib/index.js"} {"metadata":{"emulator":{"name":"functions"},"function":{"name":"api"},"message":"[runtime-status] [52800] Resolved module firebase-functions {\"declared\":true,\"installed\":true,\"version\":\"3.13.2\",\"resolution\":\"/Users/nicholaslee/Desktop/amazon-clone/amazon-clone/functions/node_modules/firebase-functions/lib/index.js\"}"}}
[debug] [2021-03-13T01:34:34.267Z] [runtime-status] [52800] Outgoing network have been stubbed. [{"name":"http","status":"mocked"},{"name":"http","status":"mocked"},{"name":"https","status":"mocked"},{"name":"https","status":"mocked"},{"name":"net","status":"mocked"}] {"metadata":{"emulator":{"name":"functions"},"function":{"name":"api"},"message":"[runtime-status] [52800] Outgoing network have been stubbed. [{\"name\":\"http\",\"status\":\"mocked\"},{\"name\":\"http\",\"status\":\"mocked\"},{\"name\":\"https\",\"status\":\"mocked\"},{\"name\":\"https\",\"status\":\"mocked\"},{\"name\":\"net\",\"status\":\"mocked\"}]"}}
[debug] [2021-03-13T01:34:34.268Z] [runtime-status] [52800] Resolved module firebase-functions {"declared":true,"installed":true,"version":"3.13.2","resolution":"/Users/nicholaslee/Desktop/amazon-clone/amazon-clone/functions/node_modules/firebase-functions/lib/index.js"} {"metadata":{"emulator":{"name":"functions"},"function":{"name":"api"},"message":"[runtime-status] [52800] Resolved module firebase-functions {\"declared\":true,\"installed\":true,\"version\":\"3.13.2\",\"resolution\":\"/Users/nicholaslee/Desktop/amazon-clone/amazon-clone/functions/node_modules/firebase-functions/lib/index.js\"}"}}
[debug] [2021-03-13T01:34:34.298Z] [runtime-status] [52800] Checked functions.config() {"config":{}} {"metadata":{"emulator":{"name":"functions"},"function":{"name":"api"},"message":"[runtime-status] [52800] Checked functions.config() {\"config\":{}}"}}
[debug] [2021-03-13T01:34:34.298Z] [runtime-status] [52800] firebase-functions has been stubbed. {"functionsResolution":{"declared":true,"installed":true,"version":"3.13.2","resolution":"/Users/nicholaslee/Desktop/amazon-clone/amazon-clone/functions/node_modules/firebase-functions/lib/index.js"}} {"metadata":{"emulator":{"name":"functions"},"function":{"name":"api"},"message":"[runtime-status] [52800] firebase-functions has been stubbed. {\"functionsResolution\":{\"declared\":true,\"installed\":true,\"version\":\"3.13.2\",\"resolution\":\"/Users/nicholaslee/Desktop/amazon-clone/amazon-clone/functions/node_modules/firebase-functions/lib/index.js\"}}"}}
[debug] [2021-03-13T01:34:34.298Z] [runtime-status] [52800] Resolved module firebase-functions {"declared":true,"installed":true,"version":"3.13.2","resolution":"/Users/nicholaslee/Desktop/amazon-clone/amazon-clone/functions/node_modules/firebase-functions/lib/index.js"} {"metadata":{"emulator":{"name":"functions"},"function":{"name":"api"},"message":"[runtime-status] [52800] Resolved module firebase-functions {\"declared\":true,\"installed\":true,\"version\":\"3.13.2\",\"resolution\":\"/Users/nicholaslee/Desktop/amazon-clone/amazon-clone/functions/node_modules/firebase-functions/lib/index.js\"}"}}
[debug] [2021-03-13T01:34:34.299Z] [runtime-status] [52800] Resolved module firebase-admin {"declared":true,"installed":true,"version":"9.5.0","resolution":"/Users/nicholaslee/Desktop/amazon-clone/amazon-clone/functions/node_modules/firebase-admin/lib/index.js"} {"metadata":{"emulator":{"name":"functions"},"function":{"name":"api"},"message":"[runtime-status] [52800] Resolved module firebase-admin {\"declared\":true,\"installed\":true,\"version\":\"9.5.0\",\"resolution\":\"/Users/nicholaslee/Desktop/amazon-clone/amazon-clone/functions/node_modules/firebase-admin/lib/index.js\"}"}}
[debug] [2021-03-13T01:34:34.299Z] [runtime-status] [52800] Resolved module firebase-functions {"declared":true,"installed":true,"version":"3.13.2","resolution":"/Users/nicholaslee/Desktop/amazon-clone/amazon-clone/functions/node_modules/firebase-functions/lib/index.js"} {"metadata":{"emulator":{"name":"functions"},"function":{"name":"api"},"message":"[runtime-status] [52800] Resolved module firebase-functions {\"declared\":true,\"installed\":true,\"version\":\"3.13.2\",\"resolution\":\"/Users/nicholaslee/Desktop/amazon-clone/amazon-clone/functions/node_modules/firebase-functions/lib/index.js\"}"}}
[debug] [2021-03-13T01:34:34.299Z] [runtime-status] [52800] firebase-admin has been stubbed. {"adminResolution":{"declared":true,"installed":true,"version":"9.5.0","resolution":"/Users/nicholaslee/Desktop/amazon-clone/amazon-clone/functions/node_modules/firebase-admin/lib/index.js"}} {"metadata":{"emulator":{"name":"functions"},"function":{"name":"api"},"message":"[runtime-status] [52800] firebase-admin has been stubbed. {\"adminResolution\":{\"declared\":true,\"installed\":true,\"version\":\"9.5.0\",\"resolution\":\"/Users/nicholaslee/Desktop/amazon-clone/amazon-clone/functions/node_modules/firebase-admin/lib/index.js\"}}"}}
[debug] [2021-03-13T01:34:34.379Z] [runtime-status] [52800] Trigger "api" has been found, beginning invocation! {"metadata":{"emulator":{"name":"functions"},"function":{"name":"api"},"message":"[runtime-status] [52800] Trigger \"api\" has been found, beginning invocation!"}}
[info] i  functions: Beginning execution of "api" {"metadata":{"emulator":{"name":"functions"},"function":{"name":"api"},"message":"Beginning execution of \"api\""}}
[debug] [2021-03-13T01:34:34.379Z] [runtime-status] [52800] triggerDefinition {"httpsTrigger":{},"name":"api","entryPoint":"api"} {"metadata":{"emulator":{"name":"functions"},"function":{"name":"api"},"message":"[runtime-status] [52800] triggerDefinition {\"httpsTrigger\":{},\"name\":\"api\",\"entryPoint\":\"api\"}"}}
[debug] [2021-03-13T01:34:34.379Z] [runtime-status] [52800] Running api in mode HTTPS {"metadata":{"emulator":{"name":"functions"},"function":{"name":"api"},"message":"[runtime-status] [52800] Running api in mode HTTPS"}}
[debug] [2021-03-13T01:34:34.382Z] [runtime-status] [52800] Attempting to listen to socketPath: /var/folders/rz/p42h486j6lb43frx51vpkrv00000gn/T/fire_emu_52800.sock {"metadata":{"emulator":{"name":"functions"},"function":{"name":"api"},"message":"[runtime-status] [52800] Attempting to listen to socketPath: /var/folders/rz/p42h486j6lb43frx51vpkrv00000gn/T/fire_emu_52800.sock"}}
[debug] [2021-03-13T01:34:34.384Z] [functions] Runtime ready! Sending request! {"metadata":{"emulator":{"name":"functions"},"message":"[functions] Runtime ready! Sending request!"}}
[debug] [2021-03-13T01:34:34.385Z] [functions] Got req.url=/clone-27da0/us-central1/api/payments/create?total=90172, mapping to path=/payments/create?total=90172 {"metadata":{"emulator":{"name":"functions"},"message":"[functions] Got req.url=/clone-27da0/us-central1/api/payments/create?total=90172, mapping to path=/payments/create?total=90172"}}
[debug] [2021-03-13T01:34:34.391Z] [runtime-status] [52800] Ephemeral server handling POST request {"metadata":{"emulator":{"name":"functions"},"function":{"name":"api"},"message":"[runtime-status] [52800] Ephemeral server handling POST request"}}
[info] >  ****Payment request successful**** 90172 {"user":"****Payment request successful**** 90172","metadata":{"emulator":{"name":"functions"},"function":{"name":"api"},"message":"\u001b[90m> \u001b[39m ****Payment request successful**** 90172"}}
[debug] [2021-03-13T01:34:34.400Z] [runtime-status] [52800] Ephemeral server survived. {"metadata":{"emulator":{"name":"functions"},"function":{"name":"api"},"message":"[runtime-status] [52800] Ephemeral server survived."}}
[info] i  functions: Finished "api" in ~1s {"metadata":{"emulator":{"name":"functions"},"function":{"name":"api"},"message":"Finished \"api\" in ~1s"}}
[debug] [2021-03-13T01:34:34.828Z] [worker-api-53f46318-80ac-4d74-b745-f24ddc50ac5c]: IDLE {"metadata":{"emulator":{"name":"functions"},"message":"[worker-api-53f46318-80ac-4d74-b745-f24ddc50ac5c]: IDLE"}}
[debug] [2021-03-13T01:34:34.828Z] [work-queue] {"queueLength":0,"workRunningCount":1}
[warn] ⚠  functions: Your function timed out after ~60s. To configure this timeout, see
      https://firebase.google.com/docs/functions/manage-functions#set_timeout_and_memory_allocation. {"metadata":{"emulator":{"name":"functions"},"function":{"name":"api"},"message":"Your function timed out after ~60s. To configure this timeout, see\n      https://firebase.google.com/docs/functions/manage-functions#set_timeout_and_memory_allocation."}}
[info] >  /usr/local/lib/node_modules/firebase-tools/lib/emulator/functionsEmulatorRuntime.js:642 {"user":"/usr/local/lib/node_modules/firebase-tools/lib/emulator/functionsEmulatorRuntime.js:642","metadata":{"emulator":{"name":"functions"},"function":{"name":"api"},"message":"\u001b[90m> \u001b[39m /usr/local/lib/node_modules/firebase-tools/lib/emulator/functionsEmulatorRuntime.js:642"}}
[info] >              throw new Error("Function timed out."); {"user":"            throw new Error(\"Function timed out.\");","metadata":{"emulator":{"name":"functions"},"function":{"name":"api"},"message":"\u001b[90m> \u001b[39m             throw new Error(\"Function timed out.\");"}}
[info] >              ^ {"user":"            ^","metadata":{"emulator":{"name":"functions"},"function":{"name":"api"},"message":"\u001b[90m> \u001b[39m             ^"}}
[info] >   {"user":"","metadata":{"emulator":{"name":"functions"},"function":{"name":"api"},"message":"\u001b[90m> \u001b[39m "}}
[info] >  Error: Function timed out. {"user":"Error: Function timed out.","metadata":{"emulator":{"name":"functions"},"function":{"name":"api"},"message":"\u001b[90m> \u001b[39m Error: Function timed out."}}
[info] >      at Timeout._onTimeout (/usr/local/lib/node_modules/firebase-tools/lib/emulator/functionsEmulatorRuntime.js:642:19) {"user":"    at Timeout._onTimeout (/usr/local/lib/node_modules/firebase-tools/lib/emulator/functionsEmulatorRuntime.js:642:19)","metadata":{"emulator":{"name":"functions"},"function":{"name":"api"},"message":"\u001b[90m> \u001b[39m     at Timeout._onTimeout (/usr/local/lib/node_modules/firebase-tools/lib/emulator/functionsEmulatorRuntime.js:642:19)"}}
[info] >      at listOnTimeout (internal/timers.js:554:17) {"user":"    at listOnTimeout (internal/timers.js:554:17)","metadata":{"emulator":{"name":"functions"},"function":{"name":"api"},"message":"\u001b[90m> \u001b[39m     at listOnTimeout (internal/timers.js:554:17)"}}
[info] >      at processTimers (internal/timers.js:497:7) {"user":"    at processTimers (internal/timers.js:497:7)","metadata":{"emulator":{"name":"functions"},"function":{"name":"api"},"message":"\u001b[90m> \u001b[39m     at processTimers (internal/timers.js:497:7)"}}
[debug] [2021-03-13T01:35:16.518Z] [worker-api-516c303d-a707-4691-bb6d-df9417aeed7d]: exited {"metadata":{"emulator":{"name":"functions"},"message":"[worker-api-516c303d-a707-4691-bb6d-df9417aeed7d]: exited"}}
[debug] [2021-03-13T01:35:16.518Z] [worker-api-516c303d-a707-4691-bb6d-df9417aeed7d]: FINISHED {"metadata":{"emulator":{"name":"functions"},"message":"[worker-api-516c303d-a707-4691-bb6d-df9417aeed7d]: FINISHED"}}
[debug] [2021-03-13T01:35:16.519Z] [work-queue] {"queueLength":0,"workRunningCount":0}
